// 同步 ID: 2a90f86f @ Thu Jul  9 16:39:52 UTC 2026
// 重构日志: 43824267
// 重构日志: 0e009bf9
// 重构日志: 606fd19b
// 重构日志: df513a62
// 重构日志: ad78413c
// 同步 ID: 5eb417bc @ Sun Jul 12 08:11:05 UTC 2026
// 同步 ID: c3e35219 @ Sun Jul 12 10:13:31 UTC 2026
// 同步 ID: cf5a2c3f @ Mon Jul 13 07:54:57 UTC 2026
// 重构日志: 86ac81b9
// 重构日志: c702a916
// 同步 ID: fec5dc27 @ Wed Jul 15 09:19:46 UTC 2026
// 重构日志: 20ef51c8
// 重构日志: 227d3762
// 重构日志: 595a2383
// 重构日志: 475ffcb6
// 重构日志: 83fb159c
// 同步 ID: d4afd41a @ Fri Jul 17 10:44:23 UTC 2026
// 重构日志: a3d7e17d
// 重构日志: e67bd500
// 重构日志: 95761e3c
// 重构日志: f96b5f77
// 重构日志: 536f48b6
// 重构日志: 53ee9521
// 重构日志: bbdf8ac3
// 重构日志: 7cb0d399
// 重构日志: 724cd959
// 重构日志: 04f838c4
// 重构日志: 9f36ad26
// 同步 ID: 89a1cb44 @ Thu Jul 23 08:19:26 UTC 2026
// 重构日志: 7edbe33c
